0 info it worked if it ends with ok
1 verbose cli [ '/Users/allen/.nvm/versions/node/v5.7.1/bin/node',
1 verbose cli   '/Users/allen/.nvm/versions/node/v5.7.1/bin/npm',
1 verbose cli   'run',
1 verbose cli   'release:ts' ]
2 info using npm@3.6.0
3 info using node@v5.7.1
4 verbose run-script [ 'prerelease:ts', 'release:ts', 'postrelease:ts' ]
5 info lifecycle ng2-auto-complete@0.5.5~prerelease:ts: ng2-auto-complete@0.5.5
6 silly lifecycle ng2-auto-complete@0.5.5~prerelease:ts: no script for prerelease:ts, continuing
7 info lifecycle ng2-auto-complete@0.5.5~release:ts: ng2-auto-complete@0.5.5
8 verbose lifecycle ng2-auto-complete@0.5.5~release:ts: unsafe-perm in lifecycle true
9 verbose lifecycle ng2-auto-complete@0.5.5~release:ts: PATH: /Users/allen/.nvm/versions/node/v5.7.1/lib/node_modules/npm/bin/node-gyp-bin:/Users/allen/github/ng2-auto-complete/node_modules/.bin:/Users/allen/.nvm/versions/node/v5.7.1/bin:/usr/local/bin:/Users/allen/bin:/usr/local/bin:/usr/bin:/bin:/usr/sbin:/sbin:node_modules/.bin
10 verbose lifecycle ng2-auto-complete@0.5.5~release:ts: CWD: /Users/allen/github/ng2-auto-complete
11 silly lifecycle ng2-auto-complete@0.5.5~release:ts: Args: [ '-c', 'tsc --outDir release' ]
12 silly lifecycle ng2-auto-complete@0.5.5~release:ts: Returned: code: 1  signal: null
13 info lifecycle ng2-auto-complete@0.5.5~release:ts: Failed to exec release:ts script
14 verbose stack Error: ng2-auto-complete@0.5.5 release:ts: `tsc --outDir release`
14 verbose stack Exit status 1
14 verbose stack     at EventEmitter.<anonymous> (/Users/allen/.nvm/versions/node/v5.7.1/lib/node_modules/npm/lib/utils/lifecycle.js:232:16)
14 verbose stack     at emitTwo (events.js:100:13)
14 verbose stack     at EventEmitter.emit (events.js:185:7)
14 verbose stack     at ChildProcess.<anonymous> (/Users/allen/.nvm/versions/node/v5.7.1/lib/node_modules/npm/lib/utils/spawn.js:24:14)
14 verbose stack     at emitTwo (events.js:100:13)
14 verbose stack     at ChildProcess.emit (events.js:185:7)
14 verbose stack     at maybeClose (internal/child_process.js:827:16)
14 verbose stack     at Process.ChildProcess._handle.onexit (internal/child_process.js:211:5)
15 verbose pkgid ng2-auto-complete@0.5.5
16 verbose cwd /Users/allen/github/ng2-auto-complete/src
17 error Darwin 15.6.0
18 error argv "/Users/allen/.nvm/versions/node/v5.7.1/bin/node" "/Users/allen/.nvm/versions/node/v5.7.1/bin/npm" "run" "release:ts"
19 error node v5.7.1
20 error npm  v3.6.0
21 error code ELIFECYCLE
22 error ng2-auto-complete@0.5.5 release:ts: `tsc --outDir release`
22 error Exit status 1
23 error Failed at the ng2-auto-complete@0.5.5 release:ts script 'tsc --outDir release'.
23 error Make sure you have the latest version of node.js and npm installed.
23 error If you do, this is most likely a problem with the ng2-auto-complete package,
23 error not with npm itself.
23 error Tell the author that this fails on your system:
23 error     tsc --outDir release
23 error You can get information on how to open an issue for this project with:
23 error     npm bugs ng2-auto-complete
23 error Or if that isn't available, you can get their info via:
23 error     npm owner ls ng2-auto-complete
23 error There is likely additional logging output above.
24 verbose exit [ 1, true ]
